
#################################################
ir      layer   location        net NodeID
39.4216 METAL_1 140.8 79.99     VSS 19012
39.3662 METAL_1 140.4 79.99     VSS 19068
39.1752 METAL_1 139 79.99       VSS 19060
39.0252 METAL_1 137.9 79.99     VSS 19061
38.998  METAL_1 137.7 79.99     VSS 18886
38.9974 METAL_1 137.7 79.655    VSS 18971
38.9038 METAL_1 142 79.99       VSS 19024
38.8355 METAL_1 136.5 79.99     VSS 19083
38.7679 METAL_1 136 79.99       VSS 19045
38.6327 METAL_1 135 79.99       VSS 19019
38.4303 METAL_1 133.5 79.99     VSS 19005
38.4294 METAL_1 143.1 79.99     VSS 18885
38.4292 METAL_1 143.1 79.51     VSS 18884
38.4291 METAL_1 143 79.51       VSS 19079
38.4033 METAL_1 133.3 79.99     VSS 19078
38.3    METAL_1 143.4 79.99     VSS 19007
38.2685 METAL_1 132.3 79.99     VSS 18887
38.2681 METAL_1 132.3 79.655    VSS 18980
38.2148 METAL_1 131.9 79.99     VSS 19056
38.1487 METAL_1 131.4 79.99     VSS 19025
38.0165 METAL_1 130.4 79.99     VSS 19021
37.9983 METAL_1 144.1 79.99     VSS 18883
37.9979 METAL_1 144.1 80.325    VSS 19081
37.9506 METAL_1 129.9 79.99     VSS 18888
37.95   METAL_1 129.9 79.655    VSS 19093
37.8457 METAL_1 129.1 79.99     VSS 19008
37.8453 METAL_1 129.1 80.325    VSS 19047
37.7413 METAL_1 128.3 79.99     VSS 19044
37.697  METAL_1 144.8 79.99     VSS 18966
37.663  METAL_1 127.7 79.99     VSS 19096
37.585  METAL_1 127.1 79.99     VSS 18889
37.5838 METAL_1 127.1 80.315    VSS 19029
37.5318 METAL_1 126.685 79.99   VSS 18890
37.5308 METAL_1 126.685 80.3075 VSS 18967
37.5084 METAL_1 126.5 79.99     VSS 19098
37.4818 METAL_1 145.3 79.99     VSS 19088
37.4325 METAL_1 125.895 79.99   VSS 18891
37.4313 METAL_1 125.895 80.315  VSS 19034
37.4208 METAL_1 125.8 79.99     VSS 19022
37.359  METAL_1 125.3 79.99     VSS 18892
37.3588 METAL_1 125.3 80.47     VSS 18893
37.3588 METAL_1 125.2 80.47     VSS 18984
37.322  METAL_1 125 79.99       VSS 19038
37.2612 METAL_1 124.5 79.99     VSS 19027
37.2131 METAL_1 124.095 79.99   VSS 18894
37.2113 METAL_1 124.095 79.6675 VSS 19091
37.1905 METAL_1 123.9 79.99     VSS 18815
37.1094 METAL_1 123.2 79.99     VSS 18988
37.0981 METAL_1 123.1 79.99     VSS 18895
37.0977 METAL_1 123.1 79.655    VSS 19048
37.0516 METAL_1 146.3 79.99     VSS 18881
37.0514 METAL_1 146.3 80.47     VSS 18882
37.0514 METAL_1 146.2 80.47     VSS 18969
36.9845 METAL_1 122.095 79.99   VSS 18896
36.9845 METAL_1 122.095 80.3375 VSS 19046
36.9656 METAL_1 146.5 79.99     VSS 18880
36.9651 METAL_1 146.5 79.655    VSS 19059
36.9174 METAL_1 121.5 79.99     VSS 18897
36.9172 METAL_1 121.5 80.47     VSS 18898
36.9171 METAL_1 121.4 80.47     VSS 19152
36.9065 METAL_1 121.4 79.99     VSS 19227
36.8086 METAL_1 120.5 79.99     VSS 19189
36.7217 METAL_1 119.7 79.99     VSS 18901
36.7215 METAL_1 119.7 79.51     VSS 18899
36.7215 METAL_1 119.7 80.47     VSS 18900
36.7215 METAL_1 119.6 79.51     VSS 19120
36.7215 METAL_1 119.6 80.47     VSS 19155
36.7081 METAL_1 147.1 79.99     VSS 18814
36.6352 METAL_1 118.9 79.99     VSS 19221
36.6341 METAL_1 118.9 80.315    VSS 19159
36.6139 METAL_1 118.7 79.99     VSS 18816
36.5502 METAL_1 118.1 79.99     VSS 18902
36.5495 METAL_1 118.1 80.325    VSS 19167
36.5291 METAL_1 117.9 79.99     VSS 19217
36.4874 METAL_1 117.5 79.99     VSS 18903
36.4873 METAL_1 117.5 80.315    VSS 19161
36.425  METAL_1 116.9 79.99     VSS 18904
36.4249 METAL_1 116.9 79.6825   VSS 19207
36.4043 METAL_1 116.7 79.99     VSS 19194
36.3648 METAL_1 147.9 79.99     VSS 19006
36.3636 METAL_1 116.3 79.99     VSS 19220
36.3219 METAL_1 148 79.99       VSS 19010
36.3023 METAL_1 115.69 79.99    VSS 18905
36.3022 METAL_1 115.69 80.2975  VSS 19181
36.2933 METAL_1 115.6 79.99     VSS 19210
36.2632 METAL_1 115.3 79.99     VSS 18817
36.2031 METAL_1 114.7 79.99     VSS 18906
36.2025 METAL_1 114.7 79.655    VSS 19143
36.1832 METAL_1 114.5 79.99     VSS 19228
36.1734 METAL_1 114.4 79.99     VSS 19195
36.1441 METAL_1 114.1 79.99     VSS 18818
36.0855 METAL_1 113.5 79.99     VSS 18963
36.0281 METAL_1 112.9 79.99     VSS 18819
36.0216 METAL_1 148.7 79.99     VSS 18879
36.0211 METAL_1 148.7 79.655    VSS 19050
35.9611 METAL_1 112.2 79.99     VSS 19185
35.9237 METAL_1 111.8 79.99     VSS 19213
35.7695 METAL_1 110.1 79.99     VSS 19165
35.7647 METAL_1 149.3 79.99     VSS 18813
35.7423 METAL_1 109.8 79.99     VSS 19166
35.6971 METAL_1 109.3 79.99     VSS 18820
35.6428 METAL_1 108.7 79.99     VSS 18907
35.6422 METAL_1 108.7 79.655    VSS 19141
35.6249 METAL_1 108.5 79.99     VSS 18821
35.5934 METAL_1 149.7 79.99     VSS 18878
35.5929 METAL_1 149.7 80.325    VSS 18996
35.5442 METAL_1 107.6 79.99     VSS 18958
35.5015 METAL_1 107.1 79.99     VSS 18822
35.4511 METAL_1 106.51 79.99    VSS 18908
35.4494 METAL_1 106.51 80.27    VSS 19099
35.3763 METAL_1 105.6 79.99     VSS 19216
35.3683 METAL_1 105.5 79.99     VSS 18909
35.368  METAL_1 105.5 80.325    VSS 19144
35.3371 METAL_1 150.3 79.99     VSS 18812
35.313  METAL_1 104.8 79.99     VSS 19110
35.2597 METAL_1 104.1 79.99     VSS 19114
35.2524 METAL_1 104 79.99       VSS 19198
35.2366 METAL_1 150.535 79.99   VSS 18877
35.2366 METAL_1 150.535 80.29   VSS 19094
35.2304 METAL_1 103.7 79.99     VSS 18910
35.2302 METAL_1 103.7 80.47     VSS 18911
35.2302 METAL_1 103.6 80.47     VSS 19162
35.1865 METAL_1 103.1 79.99     VSS 18912
35.1862 METAL_1 103.1 79.655    VSS 19149
35.172  METAL_1 102.9 79.99     VSS 18913
35.1719 METAL_1 102.9 80.315    VSS 19163
35.1576 METAL_1 102.7 79.99     VSS 18823
35.107  METAL_1 102 79.99       VSS 18964
35.0395 METAL_1 101 79.99       VSS 19218
35.038  METAL_1 151 79.99       VSS 19062
35.0191 METAL_1 100.695 79.99   VSS 18914
35.0174 METAL_1 100.695 79.6675 VSS 19104
34.9936 METAL_1 100.3 79.99     VSS 18915
34.9932 METAL_1 100.3 80.325    VSS 19142
34.9808 METAL_1 100.1 79.99     VSS 18917
34.9806 METAL_1 100.1 79.51     VSS 18916
34.9806 METAL_1 100 79.51       VSS 19119
34.9425 METAL_1 99.5 79.99      VSS 19192
34.8916 METAL_1 98.7 79.99      VSS 18918
34.8915 METAL_1 98.7 80.47      VSS 18919
34.8914 METAL_1 98.6 80.47      VSS 19164
34.86   METAL_1 98.2 79.99      VSS 19107
34.782  METAL_1 151.6 79.99     VSS 19058
34.7719 METAL_1 96.8 79.99      VSS 19187
34.7284 METAL_1 96.1 79.99      VSS 18920
34.7281 METAL_1 96.1 79.655     VSS 19158
34.6921 METAL_1 95.51 79.99     VSS 18921
34.692  METAL_1 95.51 79.7      VSS 19105
34.6423 METAL_1 94.7 79.99      VSS 19231
34.6182 METAL_1 94.3 79.99      VSS 19211
34.5831 METAL_1 93.7 79.99      VSS 18922
34.5826 METAL_1 93.7 80.2975    VSS 19214
34.5426 METAL_1 93 79.99        VSS 19151
34.5369 METAL_1 92.9 79.99      VSS 18923
34.5363 METAL_1 92.9 80.325     VSS 19123
34.5138 METAL_1 92.495 79.99    VSS 18924
34.5128 METAL_1 92.495 80.3125  VSS 19179
34.5031 METAL_1 92.3 79.99      VSS 18824
34.4644 METAL_1 91.6 79.99      VSS 19229
34.4591 METAL_1 91.5 79.99      VSS 18925
34.4587 METAL_1 91.5 80.325     VSS 19138
34.4363 METAL_1 91.0675 79.99   VSS 18926
34.4363 METAL_1 91.0675 80.3325 VSS 19112
34.3959 METAL_1 90.3 79.99      VSS 18927
34.3958 METAL_1 90.3 79.6825    VSS 19205
34.3855 METAL_1 90.1 79.99      VSS 18928
34.3851 METAL_1 90.1 80.325     VSS 19137
34.3492 METAL_1 89.4 79.99      VSS 19232
34.3477 METAL_1 89.37 79.99     VSS 18929
34.3476 METAL_1 89.37 80.27     VSS 19124
34.3141 METAL_1 152.7 79.99     VSS 19063
34.3044 METAL_1 88.5 79.99      VSS 19223
34.2752 METAL_1 87.9 79.99      VSS 19125
34.2575 METAL_1 87.535 79.99    VSS 18930
34.2574 METAL_1 87.535 80.29    VSS 19139
34.2364 METAL_1 87.1 79.99      VSS 18932
34.2362 METAL_1 87.1 79.51      VSS 18931
34.2362 METAL_1 87 79.51        VSS 19106
34.2291 METAL_1 152.9 79.99     VSS 18876
34.2289 METAL_1 152.9 79.51     VSS 18875
34.2289 METAL_1 152.8 79.51     VSS 19018
34.2171 METAL_1 86.7 79.99      VSS 18933
34.2165 METAL_1 86.7 80.325     VSS 19121
34.1792 METAL_1 85.9 79.99      VSS 18960
34.1428 METAL_1 85.1 79.99      VSS 18825
34.1156 METAL_1 84.5 79.99      VSS 18934
34.115  METAL_1 84.5 80.325     VSS 19100
34.0799 METAL_1 83.7 79.99      VSS 19129
34.0666 METAL_1 83.4 79.99      VSS 19136
34.0444 METAL_1 82.9 79.99      VSS 18935
34.0442 METAL_1 82.9 80.47      VSS 18936
34.0441 METAL_1 82.8 80.47      VSS 19168
34.0002 METAL_1 81.9 79.99      VSS 19132
33.9163 METAL_1 80 79.99        VSS 19134
33.8987 METAL_1 79.6 79.99      VSS 19160
33.8244 METAL_1 77.9 79.99      VSS 19206
33.7988 METAL_1 77.3 79.99      VSS 19199
33.762  METAL_1 76.4 79.99      VSS 19219
33.7615 METAL_1 154 79.99       VSS 19013
33.7543 METAL_1 76.2 79.99      VSS 19130
33.7352 METAL_1 75.7 79.99      VSS 18826
33.7123 METAL_1 75.1 79.99      VSS 19200
33.705  METAL_1 74.9 79.99      VSS 18937
33.7048 METAL_1 74.9 79.6825    VSS 19204
33.6977 METAL_1 74.7 79.99      VSS 18827
33.6687 METAL_1 73.9 79.99      VSS 18938
33.6686 METAL_1 73.9 80.315     VSS 19170
33.6651 METAL_1 73.8 79.99      VSS 19215
33.645  METAL_1 73.2 79.99      VSS 19117
33.6258 METAL_1 72.6 79.99      VSS 19203
33.6162 METAL_1 72.3 79.99      VSS 19175
33.6036 METAL_1 71.9 79.99      VSS 18939
33.6033 METAL_1 71.9 79.655     VSS 19173
33.588  METAL_1 71.4 79.99      VSS 19116
33.585  METAL_1 71.3 79.99      VSS 19222
33.5673 METAL_1 70.7 79.99      VSS 18828
33.5554 METAL_1 70.3 79.99      VSS 18940
33.5551 METAL_1 70.3 79.655     VSS 19174
33.5409 METAL_1 69.8 79.99      VSS 19190
33.525  METAL_1 69.2 79.99      VSS 19208
33.5076 METAL_1 154.6 79.99     VSS 19064
33.5033 METAL_1 68.3 79.99      VSS 18941
33.5032 METAL_1 68.3 80.2975    VSS 19212
33.489  METAL_1 67.7 79.99      VSS 19111
33.4849 METAL_1 67.5 79.99      VSS 18942
33.4844 METAL_1 67.5 80.325     VSS 19177
33.4729 METAL_1 66.9 79.99      VSS 18943
33.4728 METAL_1 66.9 80.315     VSS 19171
33.469  METAL_1 66.7 79.99      VSS 18944
33.4687 METAL_1 66.7 79.655     VSS 19178
33.4613 METAL_1 66.3 79.99      VSS 19169
33.4574 METAL_1 66.1 79.99      VSS 18945
33.4569 METAL_1 66.1 80.325     VSS 19176
33.4519 METAL_1 65.8 79.99      VSS 19196
33.4446 METAL_1 65.4 79.99      VSS 19109
33.4398 METAL_1 65.1 79.99      VSS 19193
33.4339 METAL_1 64.7 79.99      VSS 18829
33.428  METAL_1 64.3 79.99      VSS 18946
33.4277 METAL_1 64.3 79.655     VSS 19103
33.4166 METAL_1 63.5 79.99      VSS 19102
33.4095 METAL_1 63 79.99        VSS 19157
33.3997 METAL_1 62.3 79.99      VSS 18947
33.3993 METAL_1 62.3 79.655     VSS 19101
33.3888 METAL_1 61.5 79.99      VSS 19108
33.3779 METAL_1 60.7 79.99      VSS 18949
33.3778 METAL_1 60.7 79.51      VSS 18948
33.3777 METAL_1 60.6 79.51      VSS 19183
33.3605 METAL_1 59.4 79.99      VSS 19191
33.2963 METAL_1 155.1 79.99     VSS 19015
32.9888 METAL_1 58.8 79.99      VSS 19131
32.7893 METAL_1 156.3 79.99     VSS 18993
32.7053 METAL_1 156.5 79.99     VSS 18874
32.7051 METAL_1 156.5 79.51     VSS 18873
32.7051 METAL_1 156.4 79.51     VSS 19097
32.5792 METAL_1 156.8 79.99     VSS 19076
32.4532 METAL_1 157.1 79.99     VSS 18872
32.4527 METAL_1 157.1 79.655    VSS 19033
32.2855 METAL_1 157.5 79.99     VSS 18870
32.2853 METAL_1 157.5 80.47     VSS 18871
32.2853 METAL_1 157.4 80.47     VSS 19004
31.9503 METAL_1 158.3 79.99     VSS 19082
31.6879 METAL_1 56.7 79.99      VSS 18950
31.6876 METAL_1 56.7 79.655     VSS 19113
31.6152 METAL_1 159.1 79.99     VSS 18869
31.6149 METAL_1 159.1 80.325    VSS 18990
31.5641 METAL_1 56.5 79.99      VSS 18830
31.4897 METAL_1 159.4 79.99     VSS 19067
31.1308 METAL_1 55.8 79.99      VSS 19156
31.007  METAL_1 55.6 79.99      VSS 19201
30.779  METAL_1 161.1 79.99     VSS 18868
30.7787 METAL_1 161.1 79.655    VSS 18970
30.7372 METAL_1 161.2 79.99     VSS 19053
30.358  METAL_1 162.11 79.7     VSS 19011
30.3578 METAL_1 162.11 79.99    VSS 18867
30.1116 METAL_1 162.7 79.99     VSS 18811
29.9586 METAL_1 53.9 79.99      VSS 19115
29.9447 METAL_1 163.1 79.99     VSS 18865
29.9445 METAL_1 163.1 80.47     VSS 18866
29.9445 METAL_1 163 80.47       VSS 19055
29.9029 METAL_1 163.2 79.99     VSS 19003
29.8353 METAL_1 53.7 79.99      VSS 18951
29.835  METAL_1 53.7 80.325     VSS 19126
29.6117 METAL_1 163.9 79.99     VSS 19014
29.4655 METAL_1 53.1 79.99      VSS 18953
29.4654 METAL_1 53.1 79.51      VSS 18952
29.4654 METAL_1 53 79.51        VSS 19186
29.4411 METAL_1 164.31 79.99    VSS 18864
29.4411 METAL_1 164.31 79.7     VSS 19009
29.1957 METAL_1 164.9 79.99     VSS 18810
28.9878 METAL_1 165.4 79.99     VSS 18957
28.8494 METAL_1 52.1 79.99      VSS 19118
28.7878 METAL_1 52 79.99        VSS 19153
28.6571 METAL_1 166.2 79.99     VSS 19028
28.5332 METAL_1 166.5 79.99     VSS 18863
28.5328 METAL_1 166.5 79.655    VSS 18972
28.4507 METAL_1 166.7 79.99     VSS 19073
28.2032 METAL_1 167.3 79.99     VSS 18809
28.1103 METAL_1 50.9 79.99      VSS 19188
28.0918 METAL_1 167.57 79.99    VSS 18862
28.0918 METAL_1 167.57 79.71    VSS 19016
28.0382 METAL_1 167.7 79.99     VSS 18965
27.7913 METAL_1 168.3 79.99     VSS 18861
27.791  METAL_1 168.3 79.655    VSS 19030
27.7413 METAL_1 50.3 79.99      VSS 18831
27.4952 METAL_1 49.9 79.99      VSS 18954
27.495  METAL_1 49.9 80.325     VSS 19180
27.3934 METAL_1 169.268 79.99   VSS 18860
27.3933 METAL_1 169.268 79.6475 VSS 19043
27.1879 METAL_1 49.4 79.99      VSS 19197
27.1744 METAL_1 169.8 79.99     VSS 19089
27.0512 METAL_1 170.1 79.99     VSS 19001
26.8943 METAL_1 82.8 69.73      VSS 17761
26.7504 METAL_1 82.4 69.73      VSS 17877
26.5103 METAL_1 84.6 69.73      VSS 17876
26.4524 METAL_1 48.2 79.99      VSS 19150
26.3611 METAL_1 85.3 69.73      VSS 17502
26.2758 METAL_1 85.7 69.73      VSS 17618
26.2312 METAL_1 172.1 79.99     VSS 18985
26.1903 METAL_1 172.2 79.99     VSS 19042
26.1424 METAL_1 86.335 69.73    VSS 17585
26.1422 METAL_1 86.335 69.43    VSS 17848
26.0239 METAL_1 86.9 69.73      VSS 17584
26.0237 METAL_1 86.9 70.21      VSS 17583
26.0237 METAL_1 86.8 70.21      VSS 17819
26.0235 METAL_1 86.9 69.395     VSS 17871
25.9234 METAL_1 80.1 69.73      VSS 17846
25.8985 METAL_1 87.5 69.73      VSS 17501
25.8567 METAL_1 87.7 69.73      VSS 17832
25.8358 METAL_1 87.8 69.73      VSS 17790
25.7468 METAL_1 173.285 79.99   VSS 18859
25.7463 METAL_1 173.285 80.3075 VSS 18975
25.7314 METAL_1 82.8 71.44      VDD 21179
25.7313 METAL_1 88.3 69.73      VSS 17582
25.7312 METAL_1 88.3 69.25      VSS 17581
25.7312 METAL_1 88.2 69.25      VSS 17803
25.6896 METAL_1 88.5 69.73      VSS 17580
25.689  METAL_1 88.5 70.065     VSS 17760
25.6688 METAL_1 88.6 69.73      VSS 17785
25.5998 METAL_1 79.2 69.73      VSS 17864
25.5946 METAL_1 46.8 79.99      VSS 19128
25.55   METAL_1 83.7 71.44      VDD 21144
25.5025 METAL_1 89.4 69.73      VSS 17830
25.4108 METAL_1 46.5 79.99      VSS 18832
25.388  METAL_1 84.5 71.44      VDD 20767
25.2664 METAL_1 85.1 71.44      VDD 21064
25.228  METAL_1 81.4 71.44      VDD 21075
25.213  METAL_1 90.8 69.73      VSS 17762
25.2104 METAL_1 174.6 79.99     VSS 19072
25.1923 METAL_1 90.9 69.73      VSS 17884
25.1442 METAL_1 85.7 71.44      VDD 21128
25.1292 METAL_1 174.8 79.99     VSS 18977
25.0967 METAL_1 77.8 69.73      VSS 17859
25.0062 METAL_1 86.4 71.44      VDD 21145
24.9854 METAL_1 91.9 69.73      VSS 17579
24.985  METAL_1 91.9 69.395     VSS 17868
24.9457 METAL_1 86.71 71.44     VDD 20876
24.9455 METAL_1 86.71 70.84     VDD 20875
24.9454 METAL_1 86.9 70.84      VDD 20874
24.9454 METAL_1 86.9 70.98      VDD 21167
24.9207 METAL_1 45.7 79.99      VSS 19140
24.8616 METAL_1 92.5 69.73      VSS 17578
24.861  METAL_1 92.5 70.065     VSS 17772
24.8504 METAL_1 87.2 71.44      VDD 21111
24.846  METAL_1 175.5 79.99     VSS 18808
24.7573 METAL_1 80.1 71.44      VDD 21177
24.753  METAL_1 87.7 71.44      VDD 21105
24.7383 METAL_1 93.1 69.73      VSS 17500
24.6751 METAL_1 88.1 71.44      VDD 20873
24.6742 METAL_1 88.1 71.85      VDD 21190
24.648  METAL_1 97.8 98.8       VDD 15409
24.5979 METAL_1 88.5 71.44      VDD 21182
24.5739 METAL_1 93.9 69.73      VSS 17834
24.5123 METAL_1 94.2 69.73      VSS 17763
24.4819 METAL_1 89.1 71.44      VDD 20872
24.4802 METAL_1 89.1 71.03      VDD 21123
24.4503 METAL_1 76 69.73        VSS 17866
24.4244 METAL_1 89.4 71.44      VDD 21148
24.4011 METAL_1 176.6 79.99     VSS 19069
24.3948 METAL_1 79.1 71.44      VDD 21120
24.3275 METAL_1 95.1 69.73      VSS 17811
24.2859 METAL_1 99.2 98.8       VDD 15361
24.2708 METAL_1 75.5 69.73      VSS 17853
24.2485 METAL_1 44.6 79.99      VSS 19154
24.1597 METAL_1 90.8 71.44      VDD 21183
24.1406 METAL_1 90.9 71.44      VDD 21059
24.1047 METAL_1 78.3 71.44      VDD 20877
24.1042 METAL_1 78.3 71.85      VDD 21095
24.0988 METAL_1 99.91 98.8      VDD 15170
24.0985 METAL_1 99.91 98.2      VDD 15169
24.0984 METAL_1 100.1 98.2      VDD 15168
24.0983 METAL_1 100.1 98.34     VDD 15367
24.0825 METAL_1 96.3 69.73      VSS 17882
24.0788 METAL_1 177.4 79.99     VSS 19035
23.9494 METAL_1 91.9 71.44      VDD 20766
23.9239 METAL_1 77.8 71.44      VDD 21079
23.8793 METAL_1 95.4 98.8       VDD 15422
23.8575 METAL_1 97.4 69.73      VSS 17792
23.8401 METAL_1 74.3 69.73      VSS 17872
23.84   METAL_1 74.3 69.25      VSS 17586
23.8399 METAL_1 74.2 69.25      VSS 17771
23.8347 METAL_1 92.5 71.44      VDD 21101
23.7854 METAL_1 101.1 98.8      VDD 15087
23.7604 METAL_1 43.8 79.99      VSS 19202
23.7552 METAL_1 97.9 69.73      VSS 17865
23.7216 METAL_1 93.1 71.44      VDD 20871
23.72   METAL_1 93.1 71.03      VDD 21138
23.7141 METAL_1 94.9 98.8       VDD 15408
23.6801 METAL_1 101.5 98.8      VDD 15167
23.6793 METAL_1 101.5 99.21     VDD 15390
23.674  METAL_1 93.355 71.44    VDD 20870
23.6737 METAL_1 93.355 71.765   VDD 21176
23.6686 METAL_1 102 146.68      VDD 4190
23.6612 METAL_1 73.8 69.73      VSS 17793
23.6045 METAL_1 102.2 146.68    VDD 4199
23.6013 METAL_1 101.8 98.8      VDD 15368
23.5955 METAL_1 178.6 79.99     VSS 19066
23.5934 METAL_1 98.7 69.73      VSS 17499
23.5727 METAL_1 93.9 71.44      VDD 21090
23.5541 METAL_1 94 71.44        VDD 21071
23.5125 METAL_1 99.1 69.73      VSS 17576
23.5123 METAL_1 99.1 70.21      VSS 17577
23.5123 METAL_1 99 70.21        VSS 17841
23.4824 METAL_1 73.3 69.73      VSS 17797
23.4689 METAL_1 102.3 98.8      VDD 15357
23.424  METAL_1 94.7 71.44      VDD 20869
23.4234 METAL_1 94.7 71.85      VDD 21065
23.4108 METAL_1 73.1 69.73      VSS 17587
23.4106 METAL_1 73.1 69.395     VSS 17874
23.3508 METAL_1 99.9 69.73      VSS 17825
23.3388 METAL_1 76.2 71.44      VDD 21160
23.2759 METAL_1 95.5 71.44      VDD 20868
23.2737 METAL_1 95.5 71.03      VDD 21133
23.2661 METAL_1 72.695 69.73    VSS 17588
23.2654 METAL_1 72.695 69.4075  VSS 17773
23.253  METAL_1 103.1 98.8      VDD 15086
23.2345 METAL_1 179.5 79.99     VSS 18807
23.1689 METAL_1 100.8 69.73     VSS 17812
23.1527 METAL_1 99.9 146.68     VDD 4162
23.1503 METAL_1 93.2 98.8       VDD 15465
23.1299 METAL_1 96.3 71.44      VDD 21121
23.1112 METAL_1 96.4 71.44      VDD 21162
23.0899 METAL_1 72.2 69.73      VSS 17885
23.0882 METAL_1 101.2 69.73     VSS 17867
23.077  METAL_1 75.5 71.44      VDD 21185
23.0544 METAL_1 72.1 69.73      VSS 17590
23.0543 METAL_1 72.1 69.25      VSS 17589
23.0543 METAL_1 72 69.25        VSS 17769
23.0372 METAL_1 103.9 98.8      VDD 15389
23.034  METAL_1 180 79.99       VSS 18989
22.9892 METAL_1 104.1 146.68    VDD 3854
22.9747 METAL_1 97.1 71.44      VDD 20765
22.9561 METAL_1 99.1 146.68     VDD 3953
22.9551 METAL_1 99.1 146.27     VDD 4165
22.9141 METAL_1 180.3 79.99     VSS 19023
22.9085 METAL_1 42.4 79.99      VSS 19127
22.905  METAL_1 104.4 98.8      VDD 15426
22.8596 METAL_1 104.5 146.68    VDD 4155
22.858  METAL_1 92.3 98.8       VDD 15088
22.8301 METAL_1 71.4675 69.3875 VSS 17758
22.8301 METAL_1 71.4675 69.73   VSS 17591
22.8273 METAL_1 102.5 69.73     VSS 17839
22.8188 METAL_1 97.9 71.44      VDD 21116
22.7948 METAL_1 104.7 146.68    VDD 3952
22.7934 METAL_1 104.7 147.09    VDD 4158
22.7873 METAL_1 102.7 69.73     VSS 17575
22.7872 METAL_1 102.7 69.25     VSS 17574
22.7871 METAL_1 102.6 69.25     VSS 17787
22.7851 METAL_1 98.4 146.68     VDD 4163
22.7772 METAL_1 74.7 71.44      VDD 20878
22.7752 METAL_1 74.7 71.03      VDD 21151
22.7698 METAL_1 104.91 98.8     VDD 15165
22.7696 METAL_1 104.91 99.4     VDD 15166
22.7696 METAL_1 105.1 99.4      VDD 15164
22.7695 METAL_1 105.1 99.26     VDD 15450
22.7028 METAL_1 74.5 71.44      VDD 20879
22.7023 METAL_1 74.5 71.85      VDD 21070
22.675  METAL_1 180.9 79.99     VSS 18806
22.6672 METAL_1 103.3 69.73     VSS 17498
22.6537 METAL_1 70.97 70.01     VSS 17808
22.6536 METAL_1 70.97 69.73     VSS 17592
22.6506 METAL_1 110.6 69.73     VSS 17836
22.65   METAL_1 110.7 69.73     VSS 17835
22.6439 METAL_1 109.9 69.73     VSS 17569
22.6439 METAL_1 109.9 69.25     VSS 17568
22.6439 METAL_1 109.8 69.25     VSS 17802
22.6403 METAL_1 112.4 69.73     VSS 17779
22.6398 METAL_1 112.5 69.73     VSS 17566
22.6397 METAL_1 112.5 70.21     VSS 17567
22.6397 METAL_1 112.4 70.21     VSS 17809
22.6354 METAL_1 113.3 69.73     VSS 17496
22.6343 METAL_1 108.9 69.73     VSS 17497
22.6307 METAL_1 91.6 98.8       VDD 15360
22.6305 METAL_1 114.2 69.73     VSS 17778
22.6285 METAL_1 108.3 69.73     VSS 17796
22.6278 METAL_1 98.91 71.44     VDD 20867
22.6275 METAL_1 99.1 70.84      VDD 20865
22.6275 METAL_1 98.91 70.84     VDD 20866
22.6274 METAL_1 99.1 70.98      VDD 21136
22.6257 METAL_1 108 69.73       VSS 17817
22.6121 METAL_1 115 69.73       VSS 17782
22.6117 METAL_1 97.7 146.68     VDD 4166
22.6016 METAL_1 105.3 146.68    VDD 3853
22.5984 METAL_1 106.9 69.73     VSS 17815
22.5835 METAL_1 106.3 69.73     VSS 17571
22.5835 METAL_1 106.3 69.25     VSS 17570
22.5835 METAL_1 106.2 69.25     VSS 17799
22.5786 METAL_1 106.1 69.73     VSS 17572
22.5786 METAL_1 106.1 70.21     VSS 17573
22.5786 METAL_1 106 70.21       VSS 17850
22.5671 METAL_1 103.8 69.73     VSS 17880
22.5606 METAL_1 105.7 98.8      VDD 15163
22.5599 METAL_1 105.7 98.39     VDD 15411
22.5542 METAL_1 74.1 71.44      VDD 20768
22.5538 METAL_1 105.1 69.73     VSS 17821
22.5459 METAL_1 116.6 69.73     VSS 17818
22.5364 METAL_1 104.4 69.73     VSS 17814
22.5335 METAL_1 116.9 69.73     VSS 17565
22.5335 METAL_1 116.9 69.25     VSS 17564
22.5335 METAL_1 116.8 69.25     VSS 17887
22.5156 METAL_1 117.335 69.73   VSS 17563
22.5156 METAL_1 117.335 70.03   VSS 17869
22.4923 METAL_1 117.9 69.73     VSS 17562
22.4922 METAL_1 117.9 70.065    VSS 17857
22.4873 METAL_1 91.2 98.8       VDD 15468
22.4816 METAL_1 106 98.8        VDD 15425
22.4729 METAL_1 105.7 146.68    VDD 3951
22.4723 METAL_1 105.7 146.27    VDD 4215
22.4634 METAL_1 118.6 69.73     VSS 17794
22.4597 METAL_1 99.8 71.44      VDD 21068
22.4512 METAL_1 70.4 69.73      VSS 17837
22.4475 METAL_1 118.868 69.73   VSS 17561
22.4475 METAL_1 118.868 70.0725 VSS 17766
22.4406 METAL_1 99.9 71.44      VDD 21100
22.4136 METAL_1 96.9 146.68     VDD 3954
22.4127 METAL_1 96.9 146.27     VDD 4172
22.3802 METAL_1 120 69.73       VSS 17800
22.3625 METAL_1 120.3 69.73     VSS 17560
22.3625 METAL_1 120.3 69.395    VSS 17870
22.339  METAL_1 120.7 69.73     VSS 17495
22.3312 METAL_1 73.5 71.44      VDD 20880
22.3306 METAL_1 73.5 71.78      VDD 21132
22.3275 METAL_1 73.49 71.44     VDD 20881
22.3274 METAL_1 73.49 71.16     VDD 21134
22.3045 METAL_1 121.285 69.73   VSS 17559
22.3042 METAL_1 121.285 70.0475 VSS 17883
22.2978 METAL_1 121.4 69.73     VSS 17824
22.2876 METAL_1 100.7 71.44     VDD 20764
22.2741 METAL_1 69.9 69.73      VSS 17801
22.2659 METAL_1 96.3 146.68     VDD 3855
22.2575 METAL_1 122.1 69.73     VSS 17672
22.2574 METAL_1 122.1 69.395    VSS 17708
22.2571 METAL_1 73.3 71.44      VDD 20882
22.2566 METAL_1 73.3 71.85      VDD 21088
22.2479 METAL_1 106.4 146.68    VDD 4161
22.2436 METAL_1 106.9 98.8      VDD 15463
22.241  METAL_1 106.91 98.8     VDD 15161
22.2408 METAL_1 106.91 99.4     VDD 15162
22.2406 METAL_1 107.1 99.4      VDD 15160
22.2406 METAL_1 107.1 99.26     VDD 15469
22.2366 METAL_1 182 79.99       VSS 18991
22.2212 METAL_1 122.735 69.73   VSS 17558
22.2212 METAL_1 122.735 70.03   VSS 17745
22.2155 METAL_1 106.5 146.68    VDD 4164
22.192  METAL_1 101.2 71.44     VDD 21142
22.1784 METAL_1 41.2 79.99      VSS 19148
22.1703 METAL_1 90.3 98.8       VDD 15089
22.1375 METAL_1 124.2 69.73     VSS 17687
22.1262 METAL_1 124.4 69.73     VSS 17641
22.1091 METAL_1 72.9 71.44      VDD 20769
22.0748 METAL_1 69.335 69.73    VSS 17593
22.0748 METAL_1 69.335 69.43    VSS 17861
22.0739 METAL_1 125.1 69.73     VSS 17494
22.0606 METAL_1 101.9 71.44     VDD 20763
22.0439 METAL_1 125.5 69.73     VSS 17556
22.0439 METAL_1 125.5 70.21     VSS 17557
22.0439 METAL_1 125.4 70.21     VSS 17644
21.9984 METAL_1 182.6 79.99     VSS 19070
21.9948 METAL_1 95.2 146.68     VDD 4181
21.9855 METAL_1 102.3 71.44     VDD 21156
21.9842 METAL_1 126.3 69.73     VSS 17627
21.9557 METAL_1 107.3 146.68    VDD 3852
21.9477 METAL_1 102.5 71.44     VDD 21178
21.9244 METAL_1 127.1 69.73     VSS 17493
21.92   METAL_1 108.11 98.8     VDD 15159
21.9197 METAL_1 108.11 98.2     VDD 15158
21.9196 METAL_1 108.3 98.2      VDD 15157
21.9196 METAL_1 108.3 98.34     VDD 15370
21.8886 METAL_1 89.5 98.8       VDD 15410
21.8871 METAL_1 127.6 69.73     VSS 17616
21.8743 METAL_1 40.7 79.99      VSS 18833
21.8501 METAL_1 72.2 71.44      VDD 21153
21.8456 METAL_1 68.685 69.73    VSS 17594
21.8451 METAL_1 68.685 69.4125  VSS 17879
21.8451 METAL_1 94.6 146.68     VDD 4242
21.834  METAL_1 103.1 71.44     VDD 20762
21.8157 METAL_1 68.6 69.73      VSS 17820
21.813  METAL_1 128.4 69.73     VSS 17697
21.7852 METAL_1 128.7 69.73     VSS 17555
21.7851 METAL_1 128.7 70.065    VSS 17657
21.7609 METAL_1 107.9 146.68    VDD 3950
21.7599 METAL_1 107.9 146.27    VDD 4142
21.7205 METAL_1 129.4 69.73     VSS 17724
21.7203 METAL_1 103.7 71.44     VDD 21087
21.7034 METAL_1 71.8 71.44      VDD 21083
21.7016 METAL_1 103.8 71.44     VDD 21118
21.6928 METAL_1 129.7 69.73     VSS 17684
21.682  METAL_1 109 98.8        VDD 15385
21.6548 METAL_1 109.1 98.8      VDD 15403
21.6191 METAL_1 130.5 69.73     VSS 17620
21.6098 METAL_1 104.3 71.44     VDD 20761
21.5823 METAL_1 130.9 69.73     VSS 17623
21.5389 METAL_1 88.51 98.8      VDD 15173
21.5386 METAL_1 88.51 98.2      VDD 15172
21.5385 METAL_1 88.7 98.2       VDD 15171
21.5384 METAL_1 88.7 98.34      VDD 15364
21.527  METAL_1 131.5 69.73     VSS 17492
21.5086 METAL_1 131.7 69.73     VSS 17554
21.5085 METAL_1 131.7 69.395    VSS 17727
21.5021 METAL_1 108.7 146.68    VDD 4182
21.5007 METAL_1 108.7 147.09    VDD 4150
21.4992 METAL_1 67.7 69.73      VSS 17595
21.499  METAL_1 67.7 69.395     VSS 17813
21.4811 METAL_1 132 69.73       VSS 17659
21.4629 METAL_1 105.1 71.44     VDD 20918
21.4498 METAL_1 93.2 180.88     VDD 7019
21.4493 METAL_1 71.1 71.44      VDD 21109
21.4428 METAL_1 184 79.99       VSS 18994
21.4369 METAL_1 109.9 98.8      VDD 15085
21.4263 METAL_1 132.6 69.73     VSS 17669
21.4144 METAL_1 92.9 146.68     VDD 4168
21.3938 METAL_1 67.4 69.73      VSS 17890
21.3877 METAL_1 39.9 79.99      VSS 19147
21.3623 METAL_1 133.3 69.73     VSS 17640
21.3127 METAL_1 105.91 71.44    VDD 20864
21.3125 METAL_1 105.91 70.84    VDD 20863
21.3124 METAL_1 106.1 70.84     VDD 20862
21.3124 METAL_1 106.1 70.98     VDD 21131
21.3076 METAL_1 133.9 69.73     VSS 17661
21.2893 METAL_1 134.1 69.73     VSS 17553
21.2892 METAL_1 134.1 70.065    VSS 17632
21.288  METAL_1 87.8 98.8       VDD 15421
21.2678 METAL_1 70.6 71.44      VDD 21110
21.2451 METAL_1 184.5 79.99     VSS 18857
21.245  METAL_1 184.5 80.47     VSS 18858
21.245  METAL_1 184.4 80.47     VSS 19040
21.2449 METAL_1 109.5 146.68    VDD 4160
21.2409 METAL_1 94.4 180.88     VDD 7060
21.2256 METAL_1 134.8 69.73     VSS 17722
21.219  METAL_1 110.7 98.8      VDD 15156
21.217  METAL_1 110.7 98.39     VDD 15412
21.2034 METAL_1 106.5 71.44     VDD 21086
21.1623 METAL_1 110.91 98.8     VDD 15154
21.162  METAL_1 110.91 99.4     VDD 15155
21.162  METAL_1 111.1 99.4      VDD 15153
21.1619 METAL_1 111.1 99.26     VDD 15464
21.1593 METAL_1 70.3 71.44      VDD 20883
21.1588 METAL_1 70.3 71.85      VDD 21091
21.1303 METAL_1 106.9 71.44     VDD 21066
21.1163 METAL_1 136 69.73       VSS 17678
21.1136 METAL_1 66.6 69.73      VSS 17776
21.0803 METAL_1 136.4 69.73     VSS 17656
21.0598 METAL_1 91.5 146.68     VDD 4169
21.0301 METAL_1 111.4 98.8      VDD 15352
21.0148 METAL_1 69.9 71.44      VDD 21119
21.008  METAL_1 185.1 79.99     VSS 18805
20.9876 METAL_1 110.3 146.68    VDD 3851
20.9838 METAL_1 91.2 146.68     VDD 4223
20.9813 METAL_1 107.7 71.44     VDD 20760
20.9757 METAL_1 95.9 180.88     VDD 7066
20.9291 METAL_1 91.9 180.88     VDD 7059
20.9254 METAL_1 108 71.44       VDD 21062
20.9066 METAL_1 138 69.73       VSS 17675
20.9035 METAL_1 66 69.73        VSS 17788
20.9021 METAL_1 39.1 79.99      VSS 18955
20.9019 METAL_1 39.1 80.325     VSS 19133
20.8689 METAL_1 108.3 71.44     VDD 21146
20.859  METAL_1 110.7 146.68    VDD 3949
20.8582 METAL_1 110.7 147.09    VDD 4195
20.8554 METAL_1 90.7 146.68     VDD 3955
20.854  METAL_1 90.7 147.09     VDD 4170
20.8499 METAL_1 185.5 79.99     VSS 19026
20.8414 METAL_1 112.1 98.8      VDD 15084
20.8344 METAL_1 96.7 180.88     VDD 7033
20.8271 METAL_1 86.6 98.8       VDD 15380
20.8004 METAL_1 69.3 71.44      VDD 20884
20.8002 METAL_1 69.3 71.78      VDD 21137
20.7991 METAL_1 139 69.73       VSS 17680
20.7985 METAL_1 65.7 69.73      VSS 17596
20.798  METAL_1 65.7 70.065     VSS 17875
20.7808 METAL_1 38.9 79.99      VSS 18834
20.7717 METAL_1 97.065 181.162  VDD 7064
20.7711 METAL_1 97.065 180.88   VDD 6807
20.7583 METAL_1 108.9 71.44     VDD 20759
20.7024 METAL_1 90.1 146.68     VDD 3856
20.6987 METAL_1 111.2 146.68    VDD 4230
20.6923 METAL_1 140 69.73       VSS 17671
20.6803 METAL_1 102 148.39      VSS 1995
20.6795 METAL_1 112.7 98.8      VDD 15152
20.6782 METAL_1 112.7 98.39     VDD 15457
20.6528 METAL_1 112.8 98.8      VDD 15428
20.612  METAL_1 91.1 180.88     VDD 6808
20.6108 METAL_1 109.7 71.44     VDD 20861
20.6101 METAL_1 91.1 181.29     VDD 7038
20.6096 METAL_1 109.7 71.85     VDD 21181
20.6014 METAL_1 111.5 146.68    VDD 4157
20.5972 METAL_1 140.9 69.73     VSS 17717
20.5903 METAL_1 98.1 180.88     VDD 7031
20.5736 METAL_1 186.2 79.99     VSS 18976
20.5551 METAL_1 141.3 69.73     VSS 17551
20.5551 METAL_1 141.3 70.21     VSS 17552
20.555  METAL_1 141.2 70.21     VSS 17621
20.554  METAL_1 65 69.73        VSS 17823
20.5503 METAL_1 68.6 71.44      VDD 21170
20.4873 METAL_1 101.3 148.39    VSS 1968
20.4788 METAL_1 68.4 71.44      VDD 21113
20.4711 METAL_1 142.1 69.73     VSS 17718
20.4711 METAL_1 142.1 69.25     VSS 17550
20.4711 METAL_1 142 69.25       VSS 17712
20.4645 METAL_1 110.5 71.44     VDD 21161
20.4626 METAL_1 113.5 98.8      VDD 15456
20.4462 METAL_1 110.6 71.44     VDD 21187
20.4217 METAL_1 89 146.68       VDD 4131
20.4158 METAL_1 186.6 79.99     VSS 19049
20.3934 METAL_1 99.2 180.88     VDD 7051
20.3873 METAL_1 142.9 69.73     VSS 17750
20.3719 METAL_1 88.8 146.68     VDD 4148
20.3171 METAL_1 111.3 71.44     VDD 20758
20.3095 METAL_1 64.3 69.73      VSS 17598
20.3094 METAL_1 64.3 69.25      VSS 17597
20.3093 METAL_1 64.2 69.25      VSS 17804
20.3035 METAL_1 143.7 69.73     VSS 17713
20.2969 METAL_1 90.3 180.88     VDD 6749
20.2668 METAL_1 100.5 148.39    VSS 1747
20.2667 METAL_1 100.5 148.87    VSS 1748
20.2667 METAL_1 100.4 148.87    VSS 2004
20.2446 METAL_1 114.3 98.8      VDD 15083
20.2348 METAL_1 38 79.99        VSS 19184
20.2204 METAL_1 144.5 69.73     VSS 17723
20.1998 METAL_1 88.1 146.68     VDD 3857
20.1792 METAL_1 144.9 69.73     VSS 17548
20.1791 METAL_1 144.9 70.21     VSS 17549
20.1791 METAL_1 144.8 70.21     VSS 17701
20.151  METAL_1 112.2 71.44     VDD 21060
20.1479 METAL_1 112.9 146.68    VDD 4147
20.1396 METAL_1 187.3 79.99     VSS 18804
20.1311 METAL_1 112.31 71.44    VDD 20860
20.1309 METAL_1 112.5 70.84     VDD 20858
20.1309 METAL_1 112.31 70.84    VDD 20859
20.1308 METAL_1 112.5 70.98     VDD 21127
20.1296 METAL_1 100.6 180.88    VDD 6990
20.1242 METAL_1 67.4 71.44      VDD 21155
20.1141 METAL_1 103.8 148.39    VSS 1924
20.0927 METAL_1 87.665 146.68   VDD 3956
20.0927 METAL_1 87.665 146.398  VDD 4206
20.0864 METAL_1 145.8 69.73     VSS 17757
20.081  METAL_1 114.9 98.8      VDD 15151
20.0797 METAL_1 114.9 98.39     VDD 15467
20.0423 METAL_1 63.535 69.73    VSS 17599
20.0423 METAL_1 63.535 69.43    VSS 17851
20.0301 METAL_1 63.5 69.73      VSS 17886
20.0222 METAL_1 67.11 71.44     VDD 20885
20.0222 METAL_1 67.11 71.715    VDD 21126
20.0199 METAL_1 104.1 148.39    VSS 1746
20.0197 METAL_1 104.1 148.055   VSS 1904
20.0183 METAL_1 113.3 146.68    VDD 3948
20.0179 METAL_1 113.3 146.27    VDD 4213
19.9912 METAL_1 99.5 148.39     VSS 1919
19.9628 METAL_1 147 69.73       VSS 17683
19.9524 METAL_1 113.3 71.44     VDD 20757
19.9425 METAL_1 89.4 180.88     VDD 7070
19.9423 METAL_1 187.8 79.99     VSS 19039
19.9293 METAL_1 87 146.68       VDD 4132
19.9036 METAL_1 147.5 69.73     VSS 17631
19.8922 METAL_1 101.8 180.88    VDD 7032
19.8716 METAL_1 37.4 79.99      VSS 19146
19.8643 METAL_1 115.7 98.8      VDD 15399
19.8617 METAL_1 89.2 180.88     VDD 7027
19.8429 METAL_1 66.6 71.44      VDD 21094
19.8317 METAL_1 104.7 148.39    VSS 1674
19.8218 METAL_1 62.9 69.73      VSS 17767
19.8095 METAL_1 148.3 69.73     VSS 17491
19.8079 METAL_1 114.1 71.44     VDD 21149
19.8077 METAL_1 66.5 71.44      VDD 20886
19.807  METAL_1 66.5 71.85      VDD 21188
19.7903 METAL_1 114.2 71.44     VDD 21175
19.7853 METAL_1 86.4 146.68     VDD 4153
19.7625 METAL_1 148.7 69.73     VSS 17546
19.7624 METAL_1 148.7 70.21     VSS 17547
19.7624 METAL_1 148.6 70.21     VSS 17676
19.7598 METAL_1 114.1 146.68    VDD 4184
19.7376 METAL_1 66.3 71.44      VDD 20887
19.7363 METAL_1 66.3 71.03      VDD 21147
19.7289 METAL_1 116.2 98.8      VDD 15475
19.6881 METAL_1 98.4 148.39     VSS 1918
19.6831 METAL_1 62.5 69.73      VSS 17503
19.6813 METAL_1 102.9 180.88    VDD 6748
19.6635 METAL_1 83.8 98.8       VDD 15359
19.6568 METAL_1 149.6 69.73     VSS 17660
19.6529 METAL_1 188.535 79.99   VSS 18856
19.6529 METAL_1 188.535 79.69   VSS 18981
19.6195 METAL_1 85.7 146.68     VDD 3858
19.609  METAL_1 115.2 71.44     VDD 21189
19.5855 METAL_1 103.4 180.88    VDD 7028
19.569  METAL_1 36.9 79.99      VSS 18835
19.5634 METAL_1 150.4 69.73     VSS 17748
19.5503 METAL_1 97.9 148.39     VSS 1937
19.5486 METAL_1 188.8 79.99     VSS 19051
19.5179 METAL_1 105.7 148.39    VSS 1744
19.5179 METAL_1 105.7 148.87    VSS 1745
19.5179 METAL_1 105.6 148.87    VSS 1999
19.5034 METAL_1 88.3 180.88     VDD 6750
19.5012 METAL_1 114.9 146.68    VDD 3850
19.4933 METAL_1 65.6 71.44      VDD 21103
19.4872 METAL_1 61.935 69.73    VSS 17600
19.4872 METAL_1 61.935 69.43    VSS 17843
19.4751 METAL_1 61.9 69.73      VSS 17831
19.4722 METAL_1 104 180.88      VDD 6994
19.4536 METAL_1 85 146.68       VDD 4128
19.4459 METAL_1 116.1 71.44     VDD 21077
19.4312 METAL_1 151.4 69.73     VSS 17643
19.4309 METAL_1 189.1 79.99     VSS 18855
19.4307 METAL_1 189.1 79.655    VSS 19036
19.4074 METAL_1 84.8 146.68     VDD 4234
19.4058 METAL_1 61.7 69.73      VSS 17504
19.4042 METAL_1 115.2 146.68    VDD 4171
19.3975 METAL_1 117.4 98.8      VDD 15460
19.3887 METAL_1 65.3 71.44      VDD 20888
19.3883 METAL_1 65.3 71.85      VDD 21104
19.3565 METAL_1 116.6 71.44     VDD 21194
19.3391 METAL_1 152.1 69.73     VSS 17490
19.3368 METAL_1 104.7 180.88    VDD 7056
19.3036 METAL_1 83 98.8         VDD 15381
19.2983 METAL_1 106.4 148.39    VSS 1979
19.2841 METAL_1 65 71.44        VDD 21165
19.267  METAL_1 106.5 148.39    VSS 1988
19.2666 METAL_1 117.1 71.44     VDD 21163
19.2456 METAL_1 84.1 146.68     VDD 3859
19.2409 METAL_1 115.7 146.68    VDD 3947
19.2395 METAL_1 115.7 146.27    VDD 4207
19.2307 METAL_1 117.3 71.44     VDD 20756
19.2207 METAL_1 153 69.73       VSS 17731
19.1956 METAL_1 189.7 79.99     VSS 18803
19.195  METAL_1 117.5 71.44     VDD 21084
19.1847 METAL_1 87.5 180.88     VDD 7020
19.1802 METAL_1 105.5 180.88    VDD 6747
19.1631 METAL_1 61 69.73        VSS 17795
19.1449 METAL_1 64.6 71.44      VDD 21102
19.1432 METAL_1 116 146.68      VDD 4241
19.1269 METAL_1 118.4 98.8      VDD 15430
19.1164 METAL_1 153.8 69.73     VSS 17709
19.1104 METAL_1 96.3 148.39     VSS 2009
19.1019 METAL_1 105.9 180.88    VDD 6806
19.1011 METAL_1 105.9 181.29    VDD 7054
19.0974 METAL_1 118.51 98.8     VDD 15150
19.0972 METAL_1 118.51 98.2     VDD 15149
19.0972 METAL_1 118.7 98.34     VDD 15374
19.0972 METAL_1 118.7 98.2      VDD 15148
19.0609 METAL_1 83.3 146.68     VDD 4211
19.0518 METAL_1 118.3 71.44     VDD 20857
19.051  METAL_1 118.3 71.03     VDD 21192
19.0506 METAL_1 118.3 71.85     VDD 21191
19.0322 METAL_1 97.8 97.09      VSS 20962
19.0244 METAL_1 36 79.99        VSS 19182
18.9743 METAL_1 64.11 71.44     VDD 20890
18.9742 METAL_1 64.11 72.04     VDD 20891
18.9742 METAL_1 64.3 72.04      VDD 20889
18.9741 METAL_1 64.3 71.9       VDD 21166
18.9685 METAL_1 82.9 146.68     VDD 4185
18.9664 METAL_1 97.6 97.09      VSS 20895
18.9604 METAL_1 190.3 79.99     VSS 19000
18.9558 METAL_1 60.4 69.73      VSS 17764
18.9534 METAL_1 107.5 148.39    VSS 1742
18.9534 METAL_1 107.5 148.87    VSS 1743
18.9534 METAL_1 107.4 148.87    VSS 2020
18.9466 METAL_1 118.895 71.44   VDD 20856
18.9465 METAL_1 118.895 71.1525 VDD 21140
18.9459 METAL_1 106.7 180.88    VDD 7069
18.9457 METAL_1 118.9 71.44     VDD 21106
18.9441 METAL_1 86.9 180.88     VDD 7025
18.9415 METAL_1 155 69.73       VSS 17721
18.9396 METAL_1 119.1 98.8      VDD 15082
18.8861 METAL_1 119.3 98.8      VDD 15454
18.8639 METAL_1 93.2 182.59     VSS 5949
18.8472 METAL_1 107.2 180.88    VDD 6986
18.8449 METAL_1 98.5 97.09      VSS 20905
18.8397 METAL_1 119.5 71.44     VDD 20755
18.8323 METAL_1 82.31 146.68    VDD 3958
18.8321 METAL_1 82.31 147.28    VDD 3959
18.832  METAL_1 82.5 147.28     VDD 3957
18.832  METAL_1 82.5 147.14     VDD 4246
18.8182 METAL_1 60 69.73        VSS 17805
18.8114 METAL_1 155.9 69.73     VSS 17489
18.808  METAL_1 95.2 148.39     VSS 1936
18.7857 METAL_1 117.1 146.68    VDD 3946
18.7844 METAL_1 117.1 146.27    VDD 4209
18.7653 METAL_1 108.1 148.39    VSS 1741
18.7651 METAL_1 108.1 148.055   VSS 1905
18.762  METAL_1 63.5 71.44      VDD 21159
18.7536 METAL_1 156.3 69.73     VSS 17663
18.7515 METAL_1 120 71.44       VDD 21180
18.7343 METAL_1 120.1 71.44     VDD 20855
18.7335 METAL_1 120.1 71.85     VDD 21141
18.7253 METAL_1 119.9 98.8      VDD 15459
18.7    METAL_1 120.3 71.44     VDD 20854
18.6998 METAL_1 120.3 71.78     VDD 21129
18.6875 METAL_1 108 180.88      VDD 7023
18.6669 METAL_1 156.9 69.73     VSS 17734
18.6582 METAL_1 106.6 139.84    VDD 3727
18.6565 METAL_1 106.5 139.84    VDD 3750
18.6564 METAL_1 117.5 146.68    VDD 4138
18.6431 METAL_1 94.6 148.39     VSS 1914
18.6405 METAL_1 105.7 139.84    VDD 3522
18.6382 METAL_1 157.1 69.73     VSS 17545
18.6381 METAL_1 157.1 69.395    VSS 17698
18.638  METAL_1 105.7 140.25    VDD 3771
18.6374 METAL_1 96.6 97.09      VSS 21007
18.6369 METAL_1 92.5 182.59     VSS 5957
18.6272 METAL_1 108.6 139.84    VDD 3801
18.627  METAL_1 104.9 139.84    VDD 3425
18.6212 METAL_1 109 139.84      VDD 3783
18.621  METAL_1 86.1 180.88     VDD 6809
18.6199 METAL_1 86.1 180.47     VDD 6980
18.6163 METAL_1 120.3 98.8      VDD 15401
18.6135 METAL_1 104.1 139.84    VDD 3758
18.608  METAL_1 191.2 79.99     VSS 18968
18.5976 METAL_1 120.9 71.44     VDD 20754
18.593  METAL_1 103.11 139.84   VDD 3524
18.5926 METAL_1 103.11 140.44   VDD 3525
18.5925 METAL_1 103.3 140.44    VDD 3523
18.5925 METAL_1 103.3 140.3     VDD 3763
18.5907 METAL_1 103 139.84      VDD 3730
18.5885 METAL_1 109.7 139.84    VDD 3751
18.578  METAL_1 99.5 97.09      VSS 20920
18.5774 METAL_1 108.7 148.39    VSS 1673
18.5542 METAL_1 102.3 139.84    VDD 3761
18.5522 METAL_1 157.7 69.73     VSS 17488
18.543  METAL_1 59.2 69.73      VSS 17844
18.5319 METAL_1 121.285 71.44   VDD 20853
18.5314 METAL_1 121.285 71.135  VDD 21139
18.5224 METAL_1 120.6 192.85    VSS 7225
18.5176 METAL_1 111.5 139.84    VDD 3804
18.5105 METAL_1 108.9 180.88    VDD 6746
18.4994 METAL_1 101.31 139.84   VDD 3527
18.4991 METAL_1 101.31 140.44   VDD 3528
18.499  METAL_1 101.5 140.44    VDD 3526
18.4989 METAL_1 101.5 140.3     VDD 3756
18.4954 METAL_1 121.5 71.44     VDD 21072
18.4949 METAL_1 158.1 69.73     VSS 17543
18.4948 METAL_1 158.1 70.21     VSS 17544
18.4948 METAL_1 158 70.21       VSS 17747
18.4783 METAL_1 112.4 139.84    VDD 3722
18.4665 METAL_1 120.735 192.85  VSS 6883
18.4664 METAL_1 120.735 193.15  VSS 7141
18.4559 METAL_1 112.7 139.84    VDD 3521
18.4549 METAL_1 112.7 140.25    VDD 3764
18.4548 METAL_1 120.9 98.8      VDD 15081
18.4548 METAL_1 100.5 139.84    VDD 3767
18.4379 METAL_1 80.6 146.68     VDD 4186
18.4208 METAL_1 109.2 148.39    VSS 1949
18.4182 METAL_1 100.1 97.09     VSS 20723
18.4181 METAL_1 100.1 97.57     VSS 20724
18.4181 METAL_1 100 97.57       VSS 20953
18.4071 METAL_1 95.9 97.09      VSS 20726
18.407  METAL_1 95.9 96.61      VSS 20725
18.407  METAL_1 95.8 96.61      VSS 20926
18.401  METAL_1 121.1 98.8      VDD 15147
18.3972 METAL_1 99.51 139.84    VDD 3530
18.3969 METAL_1 99.51 140.44    VDD 3531
18.3967 METAL_1 113.5 139.84    VDD 3792
18.3967 METAL_1 99.7 140.44     VDD 3529
18.3967 METAL_1 99.7 140.3      VDD 3748
18.3961 METAL_1 122.1 71.44     VDD 20753
18.3924 METAL_1 109.5 180.88    VDD 7040
18.3908 METAL_1 99.4 139.84     VDD 3737
18.3859 METAL_1 95 182.59       VSS 5964
18.3845 METAL_1 62.4 71.44      VDD 21158
18.3804 METAL_1 158.9 69.73     VSS 17662
18.363  METAL_1 122.3 71.44     VDD 20852
18.3629 METAL_1 122.3 71.78     VDD 20997
18.3602 METAL_1 34.9 79.99      VSS 18836
18.3563 METAL_1 119.7 192.85    VSS 7114
18.3374 METAL_1 159.2 69.73     VSS 17706
18.337  METAL_1 58.6 69.73      VSS 17784
18.3299 METAL_1 122.5 71.44     VDD 20851
18.3281 METAL_1 122.5 71.03     VDD 20956
18.3268 METAL_1 109.5 148.39    VSS 1948
18.3266 METAL_1 98.7 139.84     VDD 3770
18.2968 METAL_1 80 146.68       VDD 4220
18.2879 METAL_1 114.9 139.84    VDD 3789
18.2647 METAL_1 122.9 71.44     VDD 21005
18.2585 METAL_1 85.2 180.88     VDD 7079
18.2569 METAL_1 110.2 180.88    VDD 7044
18.2479 METAL_1 91.3 182.59     VSS 5720
18.2477 METAL_1 91.3 182.925    VSS 5971
18.2396 METAL_1 121.7 98.8      VDD 15080
18.236  METAL_1 118.8 146.68    VDD 4216
18.2325 METAL_1 121.3 192.85    VSS 6882
18.2321 METAL_1 121.3 193.185   VSS 7150
18.2116 METAL_1 61.9 71.44      VDD 21107
18.2053 METAL_1 100.9 97.09     VSS 20896

#################################################
Range             Total Count Displayed / Scissored Percentage
 > 39.4216        1           1 / 0                  0.00%    
34.4939 ~ 39.4216 157         157 / 0                0.26%    
29.5662 ~ 34.4939 125         125 / 0                0.20%    
24.6385 ~ 29.5662 87          87 / 0                 0.14%    
19.7108 ~ 24.6385 423         423 / 0                0.69%    
14.7831 ~ 19.7108 1194        1194 / 0               1.94%    
9.8554 ~ 14.7831  2692        2692 / 0               4.38%    
4.9277 ~ 9.8554   17841       17841 / 0             29.02%    
0 ~ 4.9277        38951       38951 / 0             63.36%    
 < 0              4           4 / 0                  0.01%    
